2023-01-12 11:53:43,083 INFO o.a.j.u.JMeterUtils: Setting Locale to en_EN
2023-01-12 11:53:43,135 INFO o.a.j.JMeter: Loading user properties from: user.properties
2023-01-12 11:53:43,138 INFO o.a.j.JMeter: Loading system properties from: system.properties
2023-01-12 11:53:43,155 INFO o.a.j.JMeter: Copyright (c) 1998-2022 The Apache Software Foundation
2023-01-12 11:53:43,155 INFO o.a.j.JMeter: Version 5.5
2023-01-12 11:53:43,155 INFO o.a.j.JMeter: java.version=11.0.15
2023-01-12 11:53:43,156 INFO o.a.j.JMeter: java.vm.name=Java HotSpot(TM) 64-Bit Server VM
2023-01-12 11:53:43,156 INFO o.a.j.JMeter: os.name=Windows 10
2023-01-12 11:53:43,156 INFO o.a.j.JMeter: os.arch=amd64
2023-01-12 11:53:43,156 INFO o.a.j.JMeter: os.version=10.0
2023-01-12 11:53:43,156 INFO o.a.j.JMeter: file.encoding=Cp1252
2023-01-12 11:53:43,156 INFO o.a.j.JMeter: java.awt.headless=true
2023-01-12 11:53:43,156 INFO o.a.j.JMeter: Max memory     =1073741824
2023-01-12 11:53:43,157 INFO o.a.j.JMeter: Available Processors =4
2023-01-12 11:53:43,180 INFO o.a.j.JMeter: Default Locale=English (EN)
2023-01-12 11:53:43,180 INFO o.a.j.JMeter: JMeter  Locale=English (EN)
2023-01-12 11:53:43,181 INFO o.a.j.JMeter: JMeterHome=C:\Users\Brigosha_Guest\Documents\Android Data\apache-jmeter-5.5\apache-jmeter-5.5
2023-01-12 11:53:43,181 INFO o.a.j.JMeter: user.dir  =C:\Users\Brigosha_Guest\Documents\Android Data\apache-jmeter-5.5\apache-jmeter-5.5\bin
2023-01-12 11:53:43,182 INFO o.a.j.JMeter: PWD       =C:\Users\Brigosha_Guest\Documents\Android Data\apache-jmeter-5.5\apache-jmeter-5.5\bin
2023-01-12 11:53:43,183 INFO o.a.j.JMeter: IP: 20.0.8.170 Name: DESKTOP-A6LNTTJ FullName: DESKTOP-A6LNTTJ
2023-01-12 11:53:43,259 INFO o.a.j.r.RmiUtils: Disabling SSL for RMI as server.rmi.ssl.disable is set to 'true'
2023-01-12 11:53:43,259 INFO o.a.j.r.RmiUtils: Disabling SSL for RMI as server.rmi.ssl.disable is set to 'true'
2023-01-12 11:53:44,217 INFO o.a.j.e.RemoteJMeterEngineImpl: Starting backing engine on 1099
2023-01-12 11:53:44,218 INFO o.a.j.r.RmiUtils: System property 'java.rmi.server.hostname' is not defined, using localHost address
2023-01-12 11:53:44,218 INFO o.a.j.r.RmiUtils: Local IP address=20.0.8.170
2023-01-12 11:53:44,218 INFO o.a.j.e.RemoteJMeterEngineImpl: Creating RMI registry (server.rmi.create=true)
2023-01-12 11:53:44,218 INFO o.a.j.r.RmiUtils: Disabling SSL for RMI as server.rmi.ssl.disable is set to 'true'
2023-01-12 11:53:44,219 INFO o.a.j.r.RmiUtils: Disabling SSL for RMI as server.rmi.ssl.disable is set to 'true'
2023-01-12 11:53:44,228 INFO o.a.j.e.RemoteJMeterEngineImpl: Bound to RMI registry on port 1099
